
> mlresult-nextjs@0.1.0 dev
> next dev -p 3010

▲ Next.js 16.1.1 (Turbopack)
- Local:         http://localhost:3010
- Network:       http://192.168.1.81:3010

✓ Starting...
✓ Ready in 1070ms
 GET / 200 in 1477ms (compile: 1377ms, render: 100ms)
 GET /sluzby 200 in 529ms (compile: 499ms, render: 30ms)
 GET /o-nas 200 in 280ms (compile: 268ms, render: 13ms)
 GET /galeria 200 in 222ms (compile: 203ms, render: 18ms)
 GET /images/gallery/sources/ML Result & Gran - Marketing/Nakladna doprava/IMG-20250709-WA0050.jpg 404 in 360ms (compile: 188ms, render: 172ms)
 GET /images/gallery/sources/ML Result & Gran - Marketing/Nakladna doprava/IMG-20250709-WA0049.jpg 404 in 363ms (compile: 200ms, render: 164ms)
 GET /images/gallery/sources/ML Result & Gran - Marketing/Nakladna doprava/IMG-20250709-WA0048.jpg 404 in 365ms (compile: 210ms, render: 155ms)
 GET /images/gallery/sources/ML Result & Gran - Marketing/Nakladna doprava/IMG-20250709-WA0045.jpg 404 in 371ms (compile: 222ms, render: 149ms)
 GET /images/gallery/sources/ML Result & Gran - Marketing/Nakladna doprava/IMG-20250709-WA0046.jpg 404 in 371ms (compile: 230ms, render: 142ms)
 GET /images/gallery/sources/ML Result & Gran - Marketing/Nakladna doprava/IMG-20250709-WA0047.jpg 404 in 374ms (compile: 237ms, render: 137ms)
⨯ The requested resource isn't a valid image for /images/gallery/sources/ML Result & Gran - Marketing/Nakladna doprava/IMG-20250709-WA0045.jpg received null
⨯ The requested resource isn't a valid image for /images/gallery/sources/ML Result & Gran - Marketing/Nakladna doprava/IMG-20250709-WA0048.jpg received null
⨯ The requested resource isn't a valid image for /images/gallery/sources/ML Result & Gran - Marketing/Nakladna doprava/IMG-20250709-WA0050.jpg received null
⨯ The requested resource isn't a valid image for /images/gallery/sources/ML Result & Gran - Marketing/Nakladna doprava/IMG-20250709-WA0047.jpg received null
⨯ The requested resource isn't a valid image for /images/gallery/sources/ML Result & Gran - Marketing/Nakladna doprava/IMG-20250709-WA0049.jpg received null
⨯ The requested resource isn't a valid image for /images/gallery/sources/ML Result & Gran - Marketing/Nakladna doprava/IMG-20250709-WA0046.jpg received null
 GET /images/gallery/sources/ML Result & Gran - Marketing/Ocelove konstrukcie/IMG-20250709-WA0021.jpg 404 in 130ms (compile: 6ms, render: 124ms)
 GET /images/gallery/sources/ML Result & Gran - Marketing/Ocelove konstrukcie/IMG-20250709-WA0019.jpg 404 in 130ms (compile: 16ms, render: 114ms)
 GET /images/gallery/sources/ML Result & Gran - Marketing/Ocelove konstrukcie/IMG-20250709-WA0014.jpg 404 in 131ms (compile: 23ms, render: 108ms)
 GET /images/gallery/sources/ML Result & Gran - Marketing/Ocelove konstrukcie/IMG-20250709-WA0020.jpg 404 in 132ms (compile: 33ms, render: 99ms)
 GET /images/gallery/sources/ML Result & Gran - Marketing/Ocelove konstrukcie/IMG-20250709-WA0012.jpg 404 in 133ms (compile: 42ms, render: 91ms)
⨯ The requested resource isn't a valid image for /images/gallery/sources/ML Result & Gran - Marketing/Ocelove konstrukcie/IMG-20250709-WA0021.jpg received null
⨯ The requested resource isn't a valid image for /images/gallery/sources/ML Result & Gran - Marketing/Ocelove konstrukcie/IMG-20250709-WA0019.jpg received null
⨯ The requested resource isn't a valid image for /images/gallery/sources/ML Result & Gran - Marketing/Ocelove konstrukcie/IMG-20250709-WA0014.jpg received null
⨯ The requested resource isn't a valid image for /images/gallery/sources/ML Result & Gran - Marketing/Ocelove konstrukcie/IMG-20250709-WA0020.jpg received null
⨯ The requested resource isn't a valid image for /images/gallery/sources/ML Result & Gran - Marketing/Ocelove konstrukcie/IMG-20250709-WA0012.jpg received null
 GET /images/gallery/sources/ML Result & Gran - Marketing/Ocelove konstrukcie/IMG-20250709-WA0016.jpg 404 in 137ms (compile: 105ms, render: 32ms)
⨯ The requested resource isn't a valid image for /images/gallery/sources/ML Result & Gran - Marketing/Ocelove konstrukcie/IMG-20250709-WA0016.jpg received null
 GET /images/gallery/sources/ML Result & Gran - Marketing/Ocelove konstrukcie/IMG-20250709-WA0015.jpg 404 in 104ms (compile: 5ms, render: 99ms)
 GET /images/gallery/sources/ML Result & Gran - Marketing/Ocelove konstrukcie/IMG-20250709-WA0013.jpg 404 in 104ms (compile: 12ms, render: 93ms)
 GET /images/gallery/sources/ML Result & Gran - Marketing/Ocelove konstrukcie/IMG-20250709-WA0017.jpg 404 in 105ms (compile: 19ms, render: 86ms)
⨯ The requested resource isn't a valid image for /images/gallery/sources/ML Result & Gran - Marketing/Ocelove konstrukcie/IMG-20250709-WA0015.jpg received null
⨯ The requested resource isn't a valid image for /images/gallery/sources/ML Result & Gran - Marketing/Ocelove konstrukcie/IMG-20250709-WA0013.jpg received null
⨯ The requested resource isn't a valid image for /images/gallery/sources/ML Result & Gran - Marketing/Ocelove konstrukcie/IMG-20250709-WA0017.jpg received null
 GET /images/gallery/sources/ML Result & Gran - Marketing/Ocelove konstrukcie/IMG-20250709-WA0018.jpg 404 in 108ms (compile: 51ms, render: 57ms)
⨯ The requested resource isn't a valid image for /images/gallery/sources/ML Result & Gran - Marketing/Ocelove konstrukcie/IMG-20250709-WA0018.jpg received null
 GET /images/gallery/sources/ML Result & Gran - Marketing/Ocelove konstrukcie/IMG-20250709-WA0008.jpg 404 in 119ms (compile: 69ms, render: 49ms)
⨯ The requested resource isn't a valid image for /images/gallery/sources/ML Result & Gran - Marketing/Ocelove konstrukcie/IMG-20250709-WA0008.jpg received null
 GET /images/gallery/sources/ML Result & Gran - Marketing/Ocelove konstrukcie/IMG-20250709-WA0011.jpg 404 in 35ms (compile: 10ms, render: 25ms)
⨯ The requested resource isn't a valid image for /images/gallery/sources/ML Result & Gran - Marketing/Ocelove konstrukcie/IMG-20250709-WA0011.jpg received null
 GET /images/gallery/sources/ML Result & Gran - Marketing/Ocelove konstrukcie/IMG-20250709-WA0009.jpg 404 in 81ms (compile: 5ms, render: 75ms)
 GET /images/gallery/sources/ML Result & Gran - Marketing/Ocelove konstrukcie/IMG-20250709-WA0010.jpg 404 in 81ms (compile: 12ms, render: 69ms)
 GET /images/gallery/sources/ML Result & Gran - Marketing/Ocelove konstrukcie/IMG-20250709-WA0005.jpg 404 in 82ms (compile: 19ms, render: 63ms)
⨯ The requested resource isn't a valid image for /images/gallery/sources/ML Result & Gran - Marketing/Ocelove konstrukcie/IMG-20250709-WA0009.jpg received null
⨯ The requested resource isn't a valid image for /images/gallery/sources/ML Result & Gran - Marketing/Ocelove konstrukcie/IMG-20250709-WA0010.jpg received null
⨯ The requested resource isn't a valid image for /images/gallery/sources/ML Result & Gran - Marketing/Ocelove konstrukcie/IMG-20250709-WA0005.jpg received null
 GET /images/gallery/sources/ML Result & Gran - Marketing/Ocelove konstrukcie/IMG-20250709-WA0006.jpg 404 in 95ms (compile: 48ms, render: 47ms)
⨯ The requested resource isn't a valid image for /images/gallery/sources/ML Result & Gran - Marketing/Ocelove konstrukcie/IMG-20250709-WA0006.jpg received null
 GET /images/gallery/sources/ML Result & Gran - Marketing/Ocelove konstrukcie/IMG-20250709-WA0004.jpg 404 in 54ms (compile: 23ms, render: 31ms)
⨯ The requested resource isn't a valid image for /images/gallery/sources/ML Result & Gran - Marketing/Ocelove konstrukcie/IMG-20250709-WA0004.jpg received null
 GET /images/gallery/sources/ML Result & Gran - Marketing/Ocelove konstrukcie/IMG-20250709-WA0007.jpg 404 in 27ms (compile: 6ms, render: 21ms)
⨯ The requested resource isn't a valid image for /images/gallery/sources/ML Result & Gran - Marketing/Ocelove konstrukcie/IMG-20250709-WA0007.jpg received null
 GET /images/gallery/sources/ML Result & Gran - Marketing/Ocelove konstrukcie/IMG-20250709-WA0003.jpg 404 in 39ms (compile: 5ms, render: 35ms)
 GET /images/gallery/sources/ML Result & Gran - Marketing/Ocelove konstrukcie/IMG-20250709-WA0002.jpg 404 in 40ms (compile: 12ms, render: 28ms)
⨯ The requested resource isn't a valid image for /images/gallery/sources/ML Result & Gran - Marketing/Ocelove konstrukcie/IMG-20250709-WA0003.jpg received null
⨯ The requested resource isn't a valid image for /images/gallery/sources/ML Result & Gran - Marketing/Ocelove konstrukcie/IMG-20250709-WA0002.jpg received null
 GET /images/gallery/sources/ML Result & Gran - Marketing/Nakladna doprava/IMG-20250709-WA0051.jpg 404 in 26ms (compile: 2ms, render: 24ms)
⨯ The requested resource isn't a valid image for /images/gallery/sources/ML Result & Gran - Marketing/Nakladna doprava/IMG-20250709-WA0051.jpg received null
 GET /images/gallery/sources/ML Result & Gran - Marketing/Nakladna doprava/IMG-20250709-WA0041.jpg 404 in 50ms (compile: 6ms, render: 44ms)
⨯ The requested resource isn't a valid image for /images/gallery/sources/ML Result & Gran - Marketing/Nakladna doprava/IMG-20250709-WA0041.jpg received null
 GET /images/gallery/sources/ML Result & Gran - Marketing/Nakladna doprava/IMG-20250709-WA0037.jpg 404 in 56ms (compile: 23ms, render: 32ms)
⨯ The requested resource isn't a valid image for /images/gallery/sources/ML Result & Gran - Marketing/Nakladna doprava/IMG-20250709-WA0037.jpg received null
 GET /images/gallery/sources/ML Result & Gran - Marketing/Nakladna doprava/IMG-20250709-WA0044.jpg 404 in 26ms (compile: 5ms, render: 21ms)
⨯ The requested resource isn't a valid image for /images/gallery/sources/ML Result & Gran - Marketing/Nakladna doprava/IMG-20250709-WA0044.jpg received null
 GET /images/gallery/sources/ML Result & Gran - Marketing/Nakladna doprava/IMG-20250709-WA0040.jpg 404 in 28ms (compile: 5ms, render: 23ms)
⨯ The requested resource isn't a valid image for /images/gallery/sources/ML Result & Gran - Marketing/Nakladna doprava/IMG-20250709-WA0040.jpg received null
 GET /images/gallery/sources/ML Result & Gran - Marketing/Nakladna doprava/IMG-20250709-WA0043.jpg 404 in 21ms (compile: 3ms, render: 18ms)
⨯ The requested resource isn't a valid image for /images/gallery/sources/ML Result & Gran - Marketing/Nakladna doprava/IMG-20250709-WA0043.jpg received null
 GET /images/gallery/sources/ML Result & Gran - Marketing/Nakladna doprava/IMG-20250709-WA0038.jpg 404 in 50ms (compile: 5ms, render: 44ms)
⨯ The requested resource isn't a valid image for /images/gallery/sources/ML Result & Gran - Marketing/Nakladna doprava/IMG-20250709-WA0038.jpg received null
 GET /images/gallery/sources/ML Result & Gran - Marketing/Nakladna doprava/IMG-20250709-WA0042.jpg 404 in 51ms (compile: 19ms, render: 32ms)
⨯ The requested resource isn't a valid image for /images/gallery/sources/ML Result & Gran - Marketing/Nakladna doprava/IMG-20250709-WA0042.jpg received null
 GET /images/gallery/sources/ML Result & Gran - Marketing/Nakladna doprava/IMG-20250709-WA0032.jpg 404 in 28ms (compile: 3ms, render: 26ms)
⨯ The requested resource isn't a valid image for /images/gallery/sources/ML Result & Gran - Marketing/Nakladna doprava/IMG-20250709-WA0032.jpg received null
 GET /images/gallery/sources/ML Result & Gran - Marketing/Nakladna doprava/IMG-20250709-WA0029.jpg 404 in 29ms (compile: 4ms, render: 26ms)
⨯ The requested resource isn't a valid image for /images/gallery/sources/ML Result & Gran - Marketing/Nakladna doprava/IMG-20250709-WA0029.jpg received null
 GET /images/gallery/sources/ML Result & Gran - Marketing/Nakladna doprava/IMG-20250709-WA0031.jpg 404 in 51ms (compile: 3ms, render: 49ms)
⨯ The requested resource isn't a valid image for /images/gallery/sources/ML Result & Gran - Marketing/Nakladna doprava/IMG-20250709-WA0031.jpg received null
 GET /images/gallery/sources/ML Result & Gran - Marketing/Nakladna doprava/486793880_1224539855882359_2595316227398131638_n.jpg 404 in 66ms (compile: 27ms, render: 39ms)
⨯ The requested resource isn't a valid image for /images/gallery/sources/ML Result & Gran - Marketing/Nakladna doprava/486793880_1224539855882359_2595316227398131638_n.jpg received null
 GET /images/gallery/sources/ML Result & Gran - Marketing/Nakladna doprava/486667620_1224539852549026_6287756413419582679_n.jpg 404 in 55ms (compile: 21ms, render: 35ms)
⨯ The requested resource isn't a valid image for /images/gallery/sources/ML Result & Gran - Marketing/Nakladna doprava/486667620_1224539852549026_6287756413419582679_n.jpg received null
 GET /images/gallery/sources/ML Result & Gran - Marketing/Nakladna doprava/486844903_1224539819215696_7451167497755903945_n.jpg 404 in 55ms (compile: 3ms, render: 52ms)
⨯ The requested resource isn't a valid image for /images/gallery/sources/ML Result & Gran - Marketing/Nakladna doprava/486844903_1224539819215696_7451167497755903945_n.jpg received null
 GET /images/gallery/sources/ML Result & Gran - Marketing/Nakladna doprava/486766519_1224539849215693_5161279115693389618_n.jpg 404 in 68ms (compile: 23ms, render: 44ms)
⨯ The requested resource isn't a valid image for /images/gallery/sources/ML Result & Gran - Marketing/Nakladna doprava/486766519_1224539849215693_5161279115693389618_n.jpg received null
 GET /images/gallery/sources/ML Result & Gran - Marketing/Nakladna doprava/486661024_1224539825882362_7609107988809498556_n.jpg 404 in 51ms (compile: 21ms, render: 30ms)
⨯ The requested resource isn't a valid image for /images/gallery/sources/ML Result & Gran - Marketing/Nakladna doprava/486661024_1224539825882362_7609107988809498556_n.jpg received null
 GET /images/gallery/sources/ML Result & Gran - Marketing/Stavebnictvo/IMG-20250709-WA0090.jpg 404 in 42ms (compile: 3ms, render: 39ms)
⨯ The requested resource isn't a valid image for /images/gallery/sources/ML Result & Gran - Marketing/Stavebnictvo/IMG-20250709-WA0090.jpg received null
 GET /images/gallery/sources/ML Result & Gran - Marketing/Stavebnictvo/IMG-20250709-WA0089.jpg 404 in 45ms (compile: 20ms, render: 25ms)
⨯ The requested resource isn't a valid image for /images/gallery/sources/ML Result & Gran - Marketing/Stavebnictvo/IMG-20250709-WA0089.jpg received null
 GET /images/gallery/sources/ML Result & Gran - Marketing/Stavebnictvo/IMG-20250709-WA0088.jpg 404 in 28ms (compile: 2ms, render: 26ms)
⨯ The requested resource isn't a valid image for /images/gallery/sources/ML Result & Gran - Marketing/Stavebnictvo/IMG-20250709-WA0088.jpg received null
 GET /images/gallery/sources/ML Result & Gran - Marketing/Stavebnictvo/IMG-20250709-WA0084.jpg 404 in 38ms (compile: 5ms, render: 33ms)
⨯ The requested resource isn't a valid image for /images/gallery/sources/ML Result & Gran - Marketing/Stavebnictvo/IMG-20250709-WA0084.jpg received null
 GET /images/gallery/sources/ML Result & Gran - Marketing/Stavebnictvo/IMG-20250709-WA0085.jpg 404 in 42ms (compile: 4ms, render: 38ms)
 GET /images/gallery/sources/ML Result & Gran - Marketing/Stavebnictvo/IMG-20250709-WA0086.jpg 404 in 43ms (compile: 9ms, render: 34ms)
⨯ The requested resource isn't a valid image for /images/gallery/sources/ML Result & Gran - Marketing/Stavebnictvo/IMG-20250709-WA0085.jpg received null
⨯ The requested resource isn't a valid image for /images/gallery/sources/ML Result & Gran - Marketing/Stavebnictvo/IMG-20250709-WA0086.jpg received null
 GET /images/gallery/sources/ML Result & Gran - Marketing/Stavebnictvo/IMG-20250709-WA0087.jpg 404 in 28ms (compile: 6ms, render: 22ms)
⨯ The requested resource isn't a valid image for /images/gallery/sources/ML Result & Gran - Marketing/Stavebnictvo/IMG-20250709-WA0087.jpg received null
 GET /images/gallery/sources/ML Result & Gran - Marketing/Stavebnictvo/IMG-20250709-WA0082.jpg 404 in 32ms (compile: 7ms, render: 25ms)
⨯ The requested resource isn't a valid image for /images/gallery/sources/ML Result & Gran - Marketing/Stavebnictvo/IMG-20250709-WA0082.jpg received null
 GET /images/gallery/sources/ML Result & Gran - Marketing/Stavebnictvo/IMG-20250709-WA0081.jpg 404 in 43ms (compile: 4ms, render: 38ms)
⨯ The requested resource isn't a valid image for /images/gallery/sources/ML Result & Gran - Marketing/Stavebnictvo/IMG-20250709-WA0081.jpg received null
 GET /images/gallery/sources/ML Result & Gran - Marketing/Stavebnictvo/IMG-20250709-WA0083.jpg 404 in 43ms (compile: 18ms, render: 25ms)
⨯ The requested resource isn't a valid image for /images/gallery/sources/ML Result & Gran - Marketing/Stavebnictvo/IMG-20250709-WA0083.jpg received null
 GET /images/gallery/sources/ML Result & Gran - Marketing/Stavebnictvo/IMG-20250709-WA0074.jpg 404 in 27ms (compile: 5ms, render: 22ms)
⨯ The requested resource isn't a valid image for /images/gallery/sources/ML Result & Gran - Marketing/Stavebnictvo/IMG-20250709-WA0074.jpg received null
 GET /kontakt 200 in 285ms (compile: 262ms, render: 23ms)
 GET / 200 in 34ms (compile: 12ms, render: 22ms)
 GET /o-nas 200 in 34ms (compile: 10ms, render: 25ms)
 GET /galeria 200 in 40ms (compile: 11ms, render: 28ms)
 GET /images/gallery/sources/ML Result & Gran - Marketing/Nakladna doprava/IMG-20250709-WA0045.jpg 404 in 100ms (compile: 10ms, render: 90ms)
 GET /images/gallery/sources/ML Result & Gran - Marketing/Nakladna doprava/IMG-20250709-WA0046.jpg 404 in 102ms (compile: 18ms, render: 84ms)
⨯ The requested resource isn't a valid image for /images/gallery/sources/ML Result & Gran - Marketing/Nakladna doprava/IMG-20250709-WA0045.jpg received null
⨯ The requested resource isn't a valid image for /images/gallery/sources/ML Result & Gran - Marketing/Nakladna doprava/IMG-20250709-WA0046.jpg received null
 GET /images/gallery/sources/ML Result & Gran - Marketing/Nakladna doprava/IMG-20250709-WA0047.jpg 404 in 119ms (compile: 57ms, render: 62ms)
⨯ The requested resource isn't a valid image for /images/gallery/sources/ML Result & Gran - Marketing/Nakladna doprava/IMG-20250709-WA0047.jpg received null
 GET /images/gallery/sources/ML Result & Gran - Marketing/Nakladna doprava/IMG-20250709-WA0048.jpg 404 in 95ms (compile: 33ms, render: 62ms)
⨯ The requested resource isn't a valid image for /images/gallery/sources/ML Result & Gran - Marketing/Nakladna doprava/IMG-20250709-WA0048.jpg received null
 GET /images/gallery/sources/ML Result & Gran - Marketing/Nakladna doprava/IMG-20250709-WA0049.jpg 404 in 69ms (compile: 26ms, render: 42ms)
⨯ The requested resource isn't a valid image for /images/gallery/sources/ML Result & Gran - Marketing/Nakladna doprava/IMG-20250709-WA0049.jpg received null
 GET /images/gallery/sources/ML Result & Gran - Marketing/Ocelove konstrukcie/IMG-20250709-WA0015.jpg 404 in 74ms (compile: 42ms, render: 32ms)
⨯ The requested resource isn't a valid image for /images/gallery/sources/ML Result & Gran - Marketing/Ocelove konstrukcie/IMG-20250709-WA0015.jpg received null
 GET /images/gallery/sources/ML Result & Gran - Marketing/Ocelove konstrukcie/IMG-20250709-WA0012.jpg 404 in 72ms (compile: 8ms, render: 64ms)
⨯ The requested resource isn't a valid image for /images/gallery/sources/ML Result & Gran - Marketing/Ocelove konstrukcie/IMG-20250709-WA0012.jpg received null
 GET /images/gallery/sources/ML Result & Gran - Marketing/Ocelove konstrukcie/IMG-20250709-WA0017.jpg 404 in 79ms (compile: 23ms, render: 57ms)
⨯ The requested resource isn't a valid image for /images/gallery/sources/ML Result & Gran - Marketing/Ocelove konstrukcie/IMG-20250709-WA0017.jpg received null
 GET /images/gallery/sources/ML Result & Gran - Marketing/Ocelove konstrukcie/IMG-20250709-WA0020.jpg 404 in 90ms (compile: 50ms, render: 40ms)
⨯ The requested resource isn't a valid image for /images/gallery/sources/ML Result & Gran - Marketing/Ocelove konstrukcie/IMG-20250709-WA0020.jpg received null
 GET /images/gallery/sources/ML Result & Gran - Marketing/Ocelove konstrukcie/IMG-20250709-WA0018.jpg 404 in 67ms (compile: 20ms, render: 48ms)
⨯ The requested resource isn't a valid image for /images/gallery/sources/ML Result & Gran - Marketing/Ocelove konstrukcie/IMG-20250709-WA0018.jpg received null
 GET /images/gallery/sources/ML Result & Gran - Marketing/Ocelove konstrukcie/IMG-20250709-WA0013.jpg 404 in 62ms (compile: 25ms, render: 37ms)
⨯ The requested resource isn't a valid image for /images/gallery/sources/ML Result & Gran - Marketing/Ocelove konstrukcie/IMG-20250709-WA0013.jpg received null
 GET /images/gallery/sources/ML Result & Gran - Marketing/Ocelove konstrukcie/IMG-20250709-WA0021.jpg 404 in 48ms (compile: 24ms, render: 24ms)
⨯ The requested resource isn't a valid image for /images/gallery/sources/ML Result & Gran - Marketing/Ocelove konstrukcie/IMG-20250709-WA0021.jpg received null
 GET /images/gallery/sources/ML Result & Gran - Marketing/Ocelove konstrukcie/IMG-20250709-WA0014.jpg 404 in 59ms (compile: 11ms, render: 48ms)
⨯ The requested resource isn't a valid image for /images/gallery/sources/ML Result & Gran - Marketing/Ocelove konstrukcie/IMG-20250709-WA0014.jpg received null
 GET /images/gallery/sources/ML Result & Gran - Marketing/Ocelove konstrukcie/IMG-20250709-WA0016.jpg 404 in 67ms (compile: 24ms, render: 42ms)
⨯ The requested resource isn't a valid image for /images/gallery/sources/ML Result & Gran - Marketing/Ocelove konstrukcie/IMG-20250709-WA0016.jpg received null
 GET /images/gallery/sources/ML Result & Gran - Marketing/Ocelove konstrukcie/IMG-20250709-WA0019.jpg 404 in 76ms (compile: 33ms, render: 42ms)
⨯ The requested resource isn't a valid image for /images/gallery/sources/ML Result & Gran - Marketing/Ocelove konstrukcie/IMG-20250709-WA0019.jpg received null
 GET /images/gallery/sources/ML Result & Gran - Marketing/Ocelove konstrukcie/IMG-20250709-WA0008.jpg 404 in 71ms (compile: 21ms, render: 50ms)
⨯ The requested resource isn't a valid image for /images/gallery/sources/ML Result & Gran - Marketing/Ocelove konstrukcie/IMG-20250709-WA0008.jpg received null
 GET /images/gallery/sources/ML Result & Gran - Marketing/Ocelove konstrukcie/IMG-20250709-WA0010.jpg 404 in 69ms (compile: 26ms, render: 42ms)
⨯ The requested resource isn't a valid image for /images/gallery/sources/ML Result & Gran - Marketing/Ocelove konstrukcie/IMG-20250709-WA0010.jpg received null
 GET /images/gallery/sources/ML Result & Gran - Marketing/Ocelove konstrukcie/IMG-20250709-WA0011.jpg 404 in 54ms (compile: 25ms, render: 29ms)
⨯ The requested resource isn't a valid image for /images/gallery/sources/ML Result & Gran - Marketing/Ocelove konstrukcie/IMG-20250709-WA0011.jpg received null
 GET /images/gallery/sources/ML Result & Gran - Marketing/Ocelove konstrukcie/IMG-20250709-WA0009.jpg 404 in 64ms (compile: 6ms, render: 58ms)
⨯ The requested resource isn't a valid image for /images/gallery/sources/ML Result & Gran - Marketing/Ocelove konstrukcie/IMG-20250709-WA0009.jpg received null
 GET /images/gallery/sources/ML Result & Gran - Marketing/Ocelove konstrukcie/IMG-20250709-WA0004.jpg 404 in 71ms (compile: 22ms, render: 49ms)
⨯ The requested resource isn't a valid image for /images/gallery/sources/ML Result & Gran - Marketing/Ocelove konstrukcie/IMG-20250709-WA0004.jpg received null
 GET /images/gallery/sources/ML Result & Gran - Marketing/Ocelove konstrukcie/IMG-20250709-WA0006.jpg 404 in 80ms (compile: 36ms, render: 44ms)
⨯ The requested resource isn't a valid image for /images/gallery/sources/ML Result & Gran - Marketing/Ocelove konstrukcie/IMG-20250709-WA0006.jpg received null
 GET /images/gallery/sources/ML Result & Gran - Marketing/Ocelove konstrukcie/IMG-20250709-WA0007.jpg 404 in 70ms (compile: 28ms, render: 43ms)
⨯ The requested resource isn't a valid image for /images/gallery/sources/ML Result & Gran - Marketing/Ocelove konstrukcie/IMG-20250709-WA0007.jpg received null
 GET /images/gallery/sources/ML Result & Gran - Marketing/Ocelove konstrukcie/IMG-20250709-WA0005.jpg 404 in 64ms (compile: 26ms, render: 38ms)
⨯ The requested resource isn't a valid image for /images/gallery/sources/ML Result & Gran - Marketing/Ocelove konstrukcie/IMG-20250709-WA0005.jpg received null
 GET /images/gallery/sources/ML Result & Gran - Marketing/Ocelove konstrukcie/IMG-20250709-WA0002.jpg 404 in 49ms (compile: 27ms, render: 22ms)
⨯ The requested resource isn't a valid image for /images/gallery/sources/ML Result & Gran - Marketing/Ocelove konstrukcie/IMG-20250709-WA0002.jpg received null
 GET /images/gallery/sources/ML Result & Gran - Marketing/Ocelove konstrukcie/IMG-20250709-WA0003.jpg 404 in 37ms (compile: 5ms, render: 32ms)
⨯ The requested resource isn't a valid image for /images/gallery/sources/ML Result & Gran - Marketing/Ocelove konstrukcie/IMG-20250709-WA0003.jpg received null
 GET /images/gallery/sources/ML Result & Gran - Marketing/Nakladna doprava/IMG-20250709-WA0051.jpg 404 in 56ms (compile: 7ms, render: 50ms)
 GET /images/gallery/sources/ML Result & Gran - Marketing/Nakladna doprava/IMG-20250709-WA0050.jpg 404 in 62ms (compile: 37ms, render: 24ms)
⨯ The requested resource isn't a valid image for /images/gallery/sources/ML Result & Gran - Marketing/Nakladna doprava/IMG-20250709-WA0051.jpg received null
⨯ The requested resource isn't a valid image for /images/gallery/sources/ML Result & Gran - Marketing/Nakladna doprava/IMG-20250709-WA0050.jpg received null
 GET /images/gallery/sources/ML Result & Gran - Marketing/Nakladna doprava/IMG-20250709-WA0043.jpg 404 in 31ms (compile: 5ms, render: 27ms)
⨯ The requested resource isn't a valid image for /images/gallery/sources/ML Result & Gran - Marketing/Nakladna doprava/IMG-20250709-WA0043.jpg received null
 GET /images/gallery/sources/ML Result & Gran - Marketing/Nakladna doprava/IMG-20250709-WA0042.jpg 404 in 24ms (compile: 4ms, render: 20ms)
⨯ The requested resource isn't a valid image for /images/gallery/sources/ML Result & Gran - Marketing/Nakladna doprava/IMG-20250709-WA0042.jpg received null
 GET /images/gallery/sources/ML Result & Gran - Marketing/Nakladna doprava/IMG-20250709-WA0044.jpg 404 in 43ms (compile: 3ms, render: 40ms)
 GET /images/gallery/sources/ML Result & Gran - Marketing/Nakladna doprava/IMG-20250709-WA0040.jpg 404 in 44ms (compile: 10ms, render: 33ms)
⨯ The requested resource isn't a valid image for /images/gallery/sources/ML Result & Gran - Marketing/Nakladna doprava/IMG-20250709-WA0044.jpg received null
⨯ The requested resource isn't a valid image for /images/gallery/sources/ML Result & Gran - Marketing/Nakladna doprava/IMG-20250709-WA0040.jpg received null
 GET /images/gallery/sources/ML Result & Gran - Marketing/Nakladna doprava/IMG-20250709-WA0041.jpg 404 in 30ms (compile: 5ms, render: 24ms)
⨯ The requested resource isn't a valid image for /images/gallery/sources/ML Result & Gran - Marketing/Nakladna doprava/IMG-20250709-WA0041.jpg received null
 GET /images/gallery/sources/ML Result & Gran - Marketing/Nakladna doprava/IMG-20250709-WA0037.jpg 404 in 26ms (compile: 4ms, render: 21ms)
⨯ The requested resource isn't a valid image for /images/gallery/sources/ML Result & Gran - Marketing/Nakladna doprava/IMG-20250709-WA0037.jpg received null
 GET /images/gallery/sources/ML Result & Gran - Marketing/Nakladna doprava/IMG-20250709-WA0038.jpg 404 in 22ms (compile: 3ms, render: 19ms)
⨯ The requested resource isn't a valid image for /images/gallery/sources/ML Result & Gran - Marketing/Nakladna doprava/IMG-20250709-WA0038.jpg received null
 GET /images/gallery/sources/ML Result & Gran - Marketing/Nakladna doprava/IMG-20250709-WA0031.jpg 404 in 36ms (compile: 3ms, render: 33ms)
⨯ The requested resource isn't a valid image for /images/gallery/sources/ML Result & Gran - Marketing/Nakladna doprava/IMG-20250709-WA0031.jpg received null
 GET /images/gallery/sources/ML Result & Gran - Marketing/Nakladna doprava/IMG-20250709-WA0032.jpg 404 in 40ms (compile: 20ms, render: 20ms)
⨯ The requested resource isn't a valid image for /images/gallery/sources/ML Result & Gran - Marketing/Nakladna doprava/IMG-20250709-WA0032.jpg received null
 GET /images/gallery/sources/ML Result & Gran - Marketing/Nakladna doprava/IMG-20250709-WA0029.jpg 404 in 36ms (compile: 7ms, render: 29ms)
 GET /images/gallery/sources/ML Result & Gran - Marketing/Nakladna doprava/486844903_1224539819215696_7451167497755903945_n.jpg 404 in 36ms (compile: 18ms, render: 18ms)
⨯ The requested resource isn't a valid image for /images/gallery/sources/ML Result & Gran - Marketing/Nakladna doprava/IMG-20250709-WA0029.jpg received null
⨯ The requested resource isn't a valid image for /images/gallery/sources/ML Result & Gran - Marketing/Nakladna doprava/486844903_1224539819215696_7451167497755903945_n.jpg received null
 GET /images/gallery/sources/ML Result & Gran - Marketing/Nakladna doprava/486793880_1224539855882359_2595316227398131638_n.jpg 404 in 44ms (compile: 4ms, render: 40ms)
 GET /images/gallery/sources/ML Result & Gran - Marketing/Nakladna doprava/486667620_1224539852549026_6287756413419582679_n.jpg 404 in 45ms (compile: 12ms, render: 34ms)
⨯ The requested resource isn't a valid image for /images/gallery/sources/ML Result & Gran - Marketing/Nakladna doprava/486793880_1224539855882359_2595316227398131638_n.jpg received null
⨯ The requested resource isn't a valid image for /images/gallery/sources/ML Result & Gran - Marketing/Nakladna doprava/486667620_1224539852549026_6287756413419582679_n.jpg received null
 GET /images/gallery/sources/ML Result & Gran - Marketing/Nakladna doprava/486766519_1224539849215693_5161279115693389618_n.jpg 404 in 55ms (compile: 25ms, render: 30ms)
⨯ The requested resource isn't a valid image for /images/gallery/sources/ML Result & Gran - Marketing/Nakladna doprava/486766519_1224539849215693_5161279115693389618_n.jpg received null
 GET /images/gallery/sources/ML Result & Gran - Marketing/Nakladna doprava/486661024_1224539825882362_7609107988809498556_n.jpg 404 in 35ms (compile: 12ms, render: 24ms)
⨯ The requested resource isn't a valid image for /images/gallery/sources/ML Result & Gran - Marketing/Nakladna doprava/486661024_1224539825882362_7609107988809498556_n.jpg received null
 GET /images/gallery/sources/ML Result & Gran - Marketing/Stavebnictvo/IMG-20250709-WA0090.jpg 404 in 61ms (compile: 7ms, render: 54ms)
⨯ The requested resource isn't a valid image for /images/gallery/sources/ML Result & Gran - Marketing/Stavebnictvo/IMG-20250709-WA0090.jpg received null
 GET /images/gallery/sources/ML Result & Gran - Marketing/Stavebnictvo/IMG-20250709-WA0089.jpg 404 in 67ms (compile: 38ms, render: 29ms)
⨯ The requested resource isn't a valid image for /images/gallery/sources/ML Result & Gran - Marketing/Stavebnictvo/IMG-20250709-WA0089.jpg received null
 GET /images/gallery/sources/ML Result & Gran - Marketing/Stavebnictvo/IMG-20250709-WA0088.jpg 404 in 41ms (compile: 15ms, render: 26ms)
⨯ The requested resource isn't a valid image for /images/gallery/sources/ML Result & Gran - Marketing/Stavebnictvo/IMG-20250709-WA0088.jpg received null
 GET /images/gallery/sources/ML Result & Gran - Marketing/Stavebnictvo/IMG-20250709-WA0085.jpg 404 in 28ms (compile: 7ms, render: 21ms)
⨯ The requested resource isn't a valid image for /images/gallery/sources/ML Result & Gran - Marketing/Stavebnictvo/IMG-20250709-WA0085.jpg received null
 GET /images/gallery/sources/ML Result & Gran - Marketing/Stavebnictvo/IMG-20250709-WA0087.jpg 404 in 52ms (compile: 4ms, render: 47ms)
⨯ The requested resource isn't a valid image for /images/gallery/sources/ML Result & Gran - Marketing/Stavebnictvo/IMG-20250709-WA0087.jpg received null
 GET /images/gallery/sources/ML Result & Gran - Marketing/Stavebnictvo/IMG-20250709-WA0084.jpg 404 in 59ms (compile: 18ms, render: 41ms)
⨯ The requested resource isn't a valid image for /images/gallery/sources/ML Result & Gran - Marketing/Stavebnictvo/IMG-20250709-WA0084.jpg received null
 GET /images/gallery/sources/ML Result & Gran - Marketing/Stavebnictvo/IMG-20250709-WA0086.jpg 404 in 72ms (compile: 34ms, render: 37ms)
⨯ The requested resource isn't a valid image for /images/gallery/sources/ML Result & Gran - Marketing/Stavebnictvo/IMG-20250709-WA0086.jpg received null
 GET /images/gallery/sources/ML Result & Gran - Marketing/Stavebnictvo/IMG-20250709-WA0083.jpg 404 in 44ms (compile: 18ms, render: 26ms)
⨯ The requested resource isn't a valid image for /images/gallery/sources/ML Result & Gran - Marketing/Stavebnictvo/IMG-20250709-WA0083.jpg received null
 GET /images/gallery/sources/ML Result & Gran - Marketing/Stavebnictvo/IMG-20250709-WA0082.jpg 404 in 24ms (compile: 6ms, render: 18ms)
⨯ The requested resource isn't a valid image for /images/gallery/sources/ML Result & Gran - Marketing/Stavebnictvo/IMG-20250709-WA0082.jpg received null
 GET /images/gallery/sources/ML Result & Gran - Marketing/Stavebnictvo/IMG-20250709-WA0081.jpg 404 in 25ms (compile: 4ms, render: 21ms)
⨯ The requested resource isn't a valid image for /images/gallery/sources/ML Result & Gran - Marketing/Stavebnictvo/IMG-20250709-WA0081.jpg received null
 GET /images/gallery/sources/ML Result & Gran - Marketing/Stavebnictvo/IMG-20250709-WA0074.jpg 404 in 21ms (compile: 4ms, render: 18ms)
⨯ The requested resource isn't a valid image for /images/gallery/sources/ML Result & Gran - Marketing/Stavebnictvo/IMG-20250709-WA0074.jpg received null
 GET /kontakt 200 in 30ms (compile: 12ms, render: 18ms)
 GET / 200 in 29ms (compile: 16ms, render: 13ms)
 GET / 200 in 1126ms (compile: 438ms, render: 688ms)
 GET /sluzby 200 in 214ms (compile: 149ms, render: 64ms)
 GET /o-nas 200 in 609ms (compile: 583ms, render: 26ms)
 GET /galeria 200 in 48ms (compile: 31ms, render: 17ms)
 GET /images/gallery/sources/ML Result & Gran - Marketing/Nakladna doprava/IMG-20250709-WA0049.jpg 404 in 173ms (compile: 11ms, render: 162ms)
 GET /images/gallery/sources/ML Result & Gran - Marketing/Nakladna doprava/IMG-20250709-WA0048.jpg 404 in 175ms (compile: 30ms, render: 146ms)
 GET /images/gallery/sources/ML Result & Gran - Marketing/Nakladna doprava/IMG-20250709-WA0047.jpg 404 in 184ms (compile: 45ms, render: 139ms)
 GET /images/gallery/sources/ML Result & Gran - Marketing/Nakladna doprava/IMG-20250709-WA0046.jpg 404 in 181ms (compile: 52ms, render: 130ms)
 GET /images/gallery/sources/ML Result & Gran - Marketing/Nakladna doprava/IMG-20250709-WA0045.jpg 404 in 189ms (compile: 64ms, render: 125ms)
⨯ The requested resource isn't a valid image for /images/gallery/sources/ML Result & Gran - Marketing/Nakladna doprava/IMG-20250709-WA0049.jpg received null
⨯ The requested resource isn't a valid image for /images/gallery/sources/ML Result & Gran - Marketing/Nakladna doprava/IMG-20250709-WA0048.jpg received null
⨯ The requested resource isn't a valid image for /images/gallery/sources/ML Result & Gran - Marketing/Nakladna doprava/IMG-20250709-WA0046.jpg received null
⨯ The requested resource isn't a valid image for /images/gallery/sources/ML Result & Gran - Marketing/Nakladna doprava/IMG-20250709-WA0047.jpg received null
⨯ The requested resource isn't a valid image for /images/gallery/sources/ML Result & Gran - Marketing/Nakladna doprava/IMG-20250709-WA0045.jpg received null
 GET /images/gallery/sources/ML Result & Gran - Marketing/Nakladna doprava/IMG-20250709-WA0050.jpg 404 in 177ms (compile: 128ms, render: 49ms)
⨯ The requested resource isn't a valid image for /images/gallery/sources/ML Result & Gran - Marketing/Nakladna doprava/IMG-20250709-WA0050.jpg received null
 GET /images/gallery/sources/ML Result & Gran - Marketing/Ocelove konstrukcie/IMG-20250709-WA0019.jpg 404 in 114ms (compile: 8ms, render: 106ms)
 GET /images/gallery/sources/ML Result & Gran - Marketing/Ocelove konstrukcie/IMG-20250709-WA0017.jpg 404 in 115ms (compile: 14ms, render: 101ms)
 GET /images/gallery/sources/ML Result & Gran - Marketing/Ocelove konstrukcie/IMG-20250709-WA0018.jpg 404 in 116ms (compile: 20ms, render: 96ms)
 GET /images/gallery/sources/ML Result & Gran - Marketing/Ocelove konstrukcie/IMG-20250709-WA0021.jpg 404 in 117ms (compile: 29ms, render: 89ms)
⨯ The requested resource isn't a valid image for /images/gallery/sources/ML Result & Gran - Marketing/Ocelove konstrukcie/IMG-20250709-WA0019.jpg received null
⨯ The requested resource isn't a valid image for /images/gallery/sources/ML Result & Gran - Marketing/Ocelove konstrukcie/IMG-20250709-WA0017.jpg received null
⨯ The requested resource isn't a valid image for /images/gallery/sources/ML Result & Gran - Marketing/Ocelove konstrukcie/IMG-20250709-WA0018.jpg received null
⨯ The requested resource isn't a valid image for /images/gallery/sources/ML Result & Gran - Marketing/Ocelove konstrukcie/IMG-20250709-WA0021.jpg received null
 GET /images/gallery/sources/ML Result & Gran - Marketing/Ocelove konstrukcie/IMG-20250709-WA0012.jpg 404 in 125ms (compile: 72ms, render: 53ms)
⨯ The requested resource isn't a valid image for /images/gallery/sources/ML Result & Gran - Marketing/Ocelove konstrukcie/IMG-20250709-WA0012.jpg received null
 GET /images/gallery/sources/ML Result & Gran - Marketing/Ocelove konstrukcie/IMG-20250709-WA0020.jpg 404 in 65ms (compile: 29ms, render: 36ms)
⨯ The requested resource isn't a valid image for /images/gallery/sources/ML Result & Gran - Marketing/Ocelove konstrukcie/IMG-20250709-WA0020.jpg received null
 GET /images/gallery/sources/ML Result & Gran - Marketing/Ocelove konstrukcie/IMG-20250709-WA0013.jpg 404 in 101ms (compile: 5ms, render: 95ms)
 GET /images/gallery/sources/ML Result & Gran - Marketing/Ocelove konstrukcie/IMG-20250709-WA0015.jpg 404 in 101ms (compile: 12ms, render: 89ms)
 GET /images/gallery/sources/ML Result & Gran - Marketing/Ocelove konstrukcie/IMG-20250709-WA0016.jpg 404 in 101ms (compile: 18ms, render: 83ms)
 GET /images/gallery/sources/ML Result & Gran - Marketing/Ocelove konstrukcie/IMG-20250709-WA0014.jpg 404 in 102ms (compile: 27ms, render: 75ms)
⨯ The requested resource isn't a valid image for /images/gallery/sources/ML Result & Gran - Marketing/Ocelove konstrukcie/IMG-20250709-WA0013.jpg received null
⨯ The requested resource isn't a valid image for /images/gallery/sources/ML Result & Gran - Marketing/Ocelove konstrukcie/IMG-20250709-WA0015.jpg received null
⨯ The requested resource isn't a valid image for /images/gallery/sources/ML Result & Gran - Marketing/Ocelove konstrukcie/IMG-20250709-WA0016.jpg received null
⨯ The requested resource isn't a valid image for /images/gallery/sources/ML Result & Gran - Marketing/Ocelove konstrukcie/IMG-20250709-WA0014.jpg received null
 GET /images/gallery/sources/ML Result & Gran - Marketing/Ocelove konstrukcie/IMG-20250709-WA0009.jpg 404 in 108ms (compile: 76ms, render: 32ms)
⨯ The requested resource isn't a valid image for /images/gallery/sources/ML Result & Gran - Marketing/Ocelove konstrukcie/IMG-20250709-WA0009.jpg received null
 GET /images/gallery/sources/ML Result & Gran - Marketing/Ocelove konstrukcie/IMG-20250709-WA0011.jpg 404 in 28ms (compile: 9ms, render: 20ms)
⨯ The requested resource isn't a valid image for /images/gallery/sources/ML Result & Gran - Marketing/Ocelove konstrukcie/IMG-20250709-WA0011.jpg received null
 GET /images/gallery/sources/ML Result & Gran - Marketing/Ocelove konstrukcie/IMG-20250709-WA0010.jpg 404 in 78ms (compile: 4ms, render: 73ms)
 GET /images/gallery/sources/ML Result & Gran - Marketing/Ocelove konstrukcie/IMG-20250709-WA0008.jpg 404 in 79ms (compile: 10ms, render: 69ms)
 GET /images/gallery/sources/ML Result & Gran - Marketing/Ocelove konstrukcie/IMG-20250709-WA0007.jpg 404 in 80ms (compile: 17ms, render: 62ms)
 GET /images/gallery/sources/ML Result & Gran - Marketing/Ocelove konstrukcie/IMG-20250709-WA0005.jpg 404 in 81ms (compile: 29ms, render: 52ms)
⨯ The requested resource isn't a valid image for /images/gallery/sources/ML Result & Gran - Marketing/Ocelove konstrukcie/IMG-20250709-WA0010.jpg received null
⨯ The requested resource isn't a valid image for /images/gallery/sources/ML Result & Gran - Marketing/Ocelove konstrukcie/IMG-20250709-WA0008.jpg received null
⨯ The requested resource isn't a valid image for /images/gallery/sources/ML Result & Gran - Marketing/Ocelove konstrukcie/IMG-20250709-WA0007.jpg received null
⨯ The requested resource isn't a valid image for /images/gallery/sources/ML Result & Gran - Marketing/Ocelove konstrukcie/IMG-20250709-WA0005.jpg received null
 GET /images/gallery/sources/ML Result & Gran - Marketing/Ocelove konstrukcie/IMG-20250709-WA0004.jpg 404 in 45ms (compile: 7ms, render: 37ms)
⨯ The requested resource isn't a valid image for /images/gallery/sources/ML Result & Gran - Marketing/Ocelove konstrukcie/IMG-20250709-WA0004.jpg received null
 GET /images/gallery/sources/ML Result & Gran - Marketing/Ocelove konstrukcie/IMG-20250709-WA0006.jpg 404 in 24ms (compile: 5ms, render: 19ms)
⨯ The requested resource isn't a valid image for /images/gallery/sources/ML Result & Gran - Marketing/Ocelove konstrukcie/IMG-20250709-WA0006.jpg received null
 GET /images/gallery/sources/ML Result & Gran - Marketing/Ocelove konstrukcie/IMG-20250709-WA0003.jpg 404 in 41ms (compile: 7ms, render: 35ms)
 GET /images/gallery/sources/ML Result & Gran - Marketing/Ocelove konstrukcie/IMG-20250709-WA0002.jpg 404 in 42ms (compile: 14ms, render: 28ms)
⨯ The requested resource isn't a valid image for /images/gallery/sources/ML Result & Gran - Marketing/Ocelove konstrukcie/IMG-20250709-WA0003.jpg received null
⨯ The requested resource isn't a valid image for /images/gallery/sources/ML Result & Gran - Marketing/Ocelove konstrukcie/IMG-20250709-WA0002.jpg received null
 GET /images/gallery/sources/ML Result & Gran - Marketing/Nakladna doprava/IMG-20250709-WA0051.jpg 404 in 50ms (compile: 4ms, render: 46ms)
 GET /images/gallery/sources/ML Result & Gran - Marketing/Nakladna doprava/IMG-20250709-WA0043.jpg 404 in 51ms (compile: 10ms, render: 41ms)
⨯ The requested resource isn't a valid image for /images/gallery/sources/ML Result & Gran - Marketing/Nakladna doprava/IMG-20250709-WA0051.jpg received null
⨯ The requested resource isn't a valid image for /images/gallery/sources/ML Result & Gran - Marketing/Nakladna doprava/IMG-20250709-WA0043.jpg received null
 GET /images/gallery/sources/ML Result & Gran - Marketing/Nakladna doprava/IMG-20250709-WA0041.jpg 404 in 69ms (compile: 32ms, render: 37ms)
⨯ The requested resource isn't a valid image for /images/gallery/sources/ML Result & Gran - Marketing/Nakladna doprava/IMG-20250709-WA0041.jpg received null
 GET /images/gallery/sources/ML Result & Gran - Marketing/Nakladna doprava/IMG-20250709-WA0037.jpg 404 in 55ms (compile: 19ms, render: 36ms)
⨯ The requested resource isn't a valid image for /images/gallery/sources/ML Result & Gran - Marketing/Nakladna doprava/IMG-20250709-WA0037.jpg received null
 GET /images/gallery/sources/ML Result & Gran - Marketing/Nakladna doprava/IMG-20250709-WA0044.jpg 404 in 41ms (compile: 8ms, render: 33ms)
 GET /images/gallery/sources/ML Result & Gran - Marketing/Nakladna doprava/IMG-20250709-WA0040.jpg 404 in 41ms (compile: 13ms, render: 28ms)
⨯ The requested resource isn't a valid image for /images/gallery/sources/ML Result & Gran - Marketing/Nakladna doprava/IMG-20250709-WA0044.jpg received null
⨯ The requested resource isn't a valid image for /images/gallery/sources/ML Result & Gran - Marketing/Nakladna doprava/IMG-20250709-WA0040.jpg received null
 GET /images/gallery/sources/ML Result & Gran - Marketing/Nakladna doprava/IMG-20250709-WA0038.jpg 404 in 40ms (compile: 6ms, render: 34ms)
⨯ The requested resource isn't a valid image for /images/gallery/sources/ML Result & Gran - Marketing/Nakladna doprava/IMG-20250709-WA0038.jpg received null
 GET /images/gallery/sources/ML Result & Gran - Marketing/Nakladna doprava/IMG-20250709-WA0042.jpg 404 in 48ms (compile: 19ms, render: 29ms)
⨯ The requested resource isn't a valid image for /images/gallery/sources/ML Result & Gran - Marketing/Nakladna doprava/IMG-20250709-WA0042.jpg received null
 GET /images/gallery/sources/ML Result & Gran - Marketing/Nakladna doprava/IMG-20250709-WA0029.jpg 404 in 43ms (compile: 7ms, render: 36ms)
⨯ The requested resource isn't a valid image for /images/gallery/sources/ML Result & Gran - Marketing/Nakladna doprava/IMG-20250709-WA0029.jpg received null
 GET /images/gallery/sources/ML Result & Gran - Marketing/Nakladna doprava/IMG-20250709-WA0031.jpg 404 in 40ms (compile: 5ms, render: 35ms)
 GET /images/gallery/sources/ML Result & Gran - Marketing/Nakladna doprava/IMG-20250709-WA0032.jpg 404 in 41ms (compile: 11ms, render: 29ms)
⨯ The requested resource isn't a valid image for /images/gallery/sources/ML Result & Gran - Marketing/Nakladna doprava/IMG-20250709-WA0031.jpg received null
⨯ The requested resource isn't a valid image for /images/gallery/sources/ML Result & Gran - Marketing/Nakladna doprava/IMG-20250709-WA0032.jpg received null
 GET /images/gallery/sources/ML Result & Gran - Marketing/Nakladna doprava/486667620_1224539852549026_6287756413419582679_n.jpg 404 in 66ms (compile: 7ms, render: 59ms)
⨯ The requested resource isn't a valid image for /images/gallery/sources/ML Result & Gran - Marketing/Nakladna doprava/486667620_1224539852549026_6287756413419582679_n.jpg received null
 GET /images/gallery/sources/ML Result & Gran - Marketing/Nakladna doprava/486766519_1224539849215693_5161279115693389618_n.jpg 404 in 70ms (compile: 21ms, render: 49ms)
 GET /images/gallery/sources/ML Result & Gran - Marketing/Nakladna doprava/486844903_1224539819215696_7451167497755903945_n.jpg 404 in 71ms (compile: 26ms, render: 44ms)
 GET /images/gallery/sources/ML Result & Gran - Marketing/Nakladna doprava/486661024_1224539825882362_7609107988809498556_n.jpg 404 in 72ms (compile: 31ms, render: 41ms)
⨯ The requested resource isn't a valid image for /images/gallery/sources/ML Result & Gran - Marketing/Nakladna doprava/486766519_1224539849215693_5161279115693389618_n.jpg received null
⨯ The requested resource isn't a valid image for /images/gallery/sources/ML Result & Gran - Marketing/Nakladna doprava/486844903_1224539819215696_7451167497755903945_n.jpg received null
⨯ The requested resource isn't a valid image for /images/gallery/sources/ML Result & Gran - Marketing/Nakladna doprava/486661024_1224539825882362_7609107988809498556_n.jpg received null
 GET /images/gallery/sources/ML Result & Gran - Marketing/Nakladna doprava/486793880_1224539855882359_2595316227398131638_n.jpg 404 in 75ms (compile: 48ms, render: 28ms)
⨯ The requested resource isn't a valid image for /images/gallery/sources/ML Result & Gran - Marketing/Nakladna doprava/486793880_1224539855882359_2595316227398131638_n.jpg received null
 GET /images/gallery/sources/ML Result & Gran - Marketing/Stavebnictvo/IMG-20250709-WA0089.jpg 404 in 40ms (compile: 4ms, render: 36ms)
⨯ The requested resource isn't a valid image for /images/gallery/sources/ML Result & Gran - Marketing/Stavebnictvo/IMG-20250709-WA0089.jpg received null
 GET /images/gallery/sources/ML Result & Gran - Marketing/Stavebnictvo/IMG-20250709-WA0090.jpg 404 in 49ms (compile: 13ms, render: 36ms)
⨯ The requested resource isn't a valid image for /images/gallery/sources/ML Result & Gran - Marketing/Stavebnictvo/IMG-20250709-WA0090.jpg received null
 GET /images/gallery/sources/ML Result & Gran - Marketing/Stavebnictvo/IMG-20250709-WA0088.jpg 404 in 54ms (compile: 24ms, render: 31ms)
⨯ The requested resource isn't a valid image for /images/gallery/sources/ML Result & Gran - Marketing/Stavebnictvo/IMG-20250709-WA0088.jpg received null
 GET /images/gallery/sources/ML Result & Gran - Marketing/Stavebnictvo/IMG-20250709-WA0086.jpg 404 in 48ms (compile: 18ms, render: 30ms)
⨯ The requested resource isn't a valid image for /images/gallery/sources/ML Result & Gran - Marketing/Stavebnictvo/IMG-20250709-WA0086.jpg received null
 GET /images/gallery/sources/ML Result & Gran - Marketing/Stavebnictvo/IMG-20250709-WA0082.jpg 404 in 46ms (compile: 17ms, render: 28ms)
⨯ The requested resource isn't a valid image for /images/gallery/sources/ML Result & Gran - Marketing/Stavebnictvo/IMG-20250709-WA0082.jpg received null
 GET /images/gallery/sources/ML Result & Gran - Marketing/Stavebnictvo/IMG-20250709-WA0087.jpg 404 in 37ms (compile: 17ms, render: 19ms)
⨯ The requested resource isn't a valid image for /images/gallery/sources/ML Result & Gran - Marketing/Stavebnictvo/IMG-20250709-WA0087.jpg received null
 GET /images/gallery/sources/ML Result & Gran - Marketing/Stavebnictvo/IMG-20250709-WA0084.jpg 404 in 47ms (compile: 8ms, render: 40ms)
⨯ The requested resource isn't a valid image for /images/gallery/sources/ML Result & Gran - Marketing/Stavebnictvo/IMG-20250709-WA0084.jpg received null
 GET /images/gallery/sources/ML Result & Gran - Marketing/Stavebnictvo/IMG-20250709-WA0083.jpg 404 in 58ms (compile: 17ms, render: 40ms)
⨯ The requested resource isn't a valid image for /images/gallery/sources/ML Result & Gran - Marketing/Stavebnictvo/IMG-20250709-WA0083.jpg received null
 GET /images/gallery/sources/ML Result & Gran - Marketing/Stavebnictvo/IMG-20250709-WA0085.jpg 404 in 65ms (compile: 24ms, render: 41ms)
⨯ The requested resource isn't a valid image for /images/gallery/sources/ML Result & Gran - Marketing/Stavebnictvo/IMG-20250709-WA0085.jpg received null
 GET /images/gallery/sources/ML Result & Gran - Marketing/Stavebnictvo/IMG-20250709-WA0081.jpg 404 in 48ms (compile: 22ms, render: 26ms)
⨯ The requested resource isn't a valid image for /images/gallery/sources/ML Result & Gran - Marketing/Stavebnictvo/IMG-20250709-WA0081.jpg received null
 GET /images/gallery/sources/ML Result & Gran - Marketing/Stavebnictvo/IMG-20250709-WA0074.jpg 404 in 26ms (compile: 2ms, render: 24ms)
⨯ The requested resource isn't a valid image for /images/gallery/sources/ML Result & Gran - Marketing/Stavebnictvo/IMG-20250709-WA0074.jpg received null
 GET /sluzby 200 in 27ms (compile: 8ms, render: 19ms)
✓ Compiled in 263ms
 GET /o-nas 200 in 102ms (compile: 61ms, render: 40ms)
 GET /sluzby 200 in 133ms (compile: 112ms, render: 21ms)
✓ Compiled in 187ms
✓ Compiled in 215ms
 GET /sluzby 200 in 335ms (compile: 163ms, render: 173ms)
 GET / 200 in 156ms (compile: 128ms, render: 27ms)
✓ Compiled in 240ms
✓ Compiled in 188ms
✓ Compiled in 116ms
 GET / 200 in 815ms (compile: 602ms, render: 213ms)
 GET / 200 in 76ms (compile: 14ms, render: 62ms)
 GET /sluzby 200 in 231ms (compile: 197ms, render: 34ms)
 GET /o-nas 200 in 190ms (compile: 174ms, render: 16ms)
 GET /galeria 200 in 212ms (compile: 196ms, render: 16ms)
 GET /kontakt 200 in 100ms (compile: 77ms, render: 23ms)
✓ Compiled in 188ms
✓ Compiled in 33ms
✓ Compiled in 59ms
✓ Compiled in 75ms
✓ Compiled in 160ms
✓ Compiled in 172ms
✓ Compiled in 34ms
✓ Compiled in 56ms
✓ Compiled in 30ms
✓ Compiled in 74ms
✓ Compiled in 49ms
✓ Compiled in 61ms
✓ Compiled in 52ms
✓ Compiled in 107ms
✓ Compiled in 184ms
 GET /kontakt 200 in 414ms (compile: 359ms, render: 55ms)
 GET /sluzby 200 in 922ms (compile: 849ms, render: 73ms)
 GET / 200 in 167ms (compile: 142ms, render: 25ms)
